#
# There is insufficient memory for the Java Runtime Environment to continue.
# Native memory allocation (mmap) failed to map 130023424 bytes for G1 virtual space
# Possible reasons:
#   The system is out of physical RAM or swap space
#   The process is running with CompressedOops enabled, and the Java Heap may be blocking the growth of the native heap
# Possible solutions:
#   Reduce memory load on the system
#   Increase physical memory or swap space
#   Check if swap backing store is full
#   Decrease Java heap size (-Xmx/-Xms)
#   Decrease number of Java threads
#   Decrease Java thread stack sizes (-Xss)
#   Set larger code cache with -XX:ReservedCodeCacheSize=
#   JVM is running with Unscaled Compressed Oops mode in which the Java heap is
#     placed in the first 4GB address space. The Java Heap base address is the
#     maximum limit for the native heap growth. Please use -XX:HeapBaseMinAddress
#     to set the Java Heap base and to place the Java Heap above 4GB virtual address.
# This output file may be truncated or incomplete.
#
#  Out of Memory Error (os_windows.cpp:3550), pid=14984, tid=2552
#
# JRE version:  (17.0.7+8) (build )
# Java VM: Java HotSpot(TM) 64-Bit Server VM (17.0.7+8-LTS-224, mixed mode, emulated-client, sharing, tiered, compressed oops, compressed class ptrs, g1 gc, windows-amd64)
# No core dump will be written. Minidumps are not enabled by default on client versions of Windows
#

---------------  S U M M A R Y ------------

Command Line: -XX:TieredStopAtLevel=1 -Dspring.output.ansi.enabled=always -Dcom.sun.management.jmxremote -Dspring.jmx.enabled=true -Dspring.liveBeansView.mbeanDomain -Dspring.application.admin.enabled=true -Dmanagement.endpoints.jmx.exposure.include=* -javaagent:C:\Program Files\JetBrains\IntelliJ IDEA 2024.1.4\lib\idea_rt.jar=59743:C:\Program Files\JetBrains\IntelliJ IDEA 2024.1.4\bin -Dfile.encoding=UTF-8 com.team8.timeCapsule.TimeCapsuleApplication

Host: 11th Gen Intel(R) Core(TM) i5-1135G7 @ 2.40GHz, 8 cores, 7G,  Windows 10 , 64 bit Build 19041 (10.0.19041.4842)
Time: Sat Sep 28 21:47:59 2024  Windows 10 , 64 bit Build 19041 (10.0.19041.4842) elapsed time: 0.016497 seconds (0d 0h 0m 0s)

---------------  T H R E A D  ---------------

Current thread (0x000001a6ffe4e4a0):  JavaThread "Unknown thread" [_thread_in_vm, id=2552, stack(0x00000065b8e00000,0x00000065b8f00000)]

Stack: [0x00000065b8e00000,0x00000065b8f00000]
Native frames: (J=compiled Java code, j=interpreted, Vv=VM code, C=native code)
V  [jvm.dll+0x676a4a]
V  [jvm.dll+0x7d74f4]
V  [jvm.dll+0x7d8c9e]
V  [jvm.dll+0x7d9303]
V  [jvm.dll+0x2452c5]
V  [jvm.dll+0x6738f9]
V  [jvm.dll+0x668232]
V  [jvm.dll+0x302826]
V  [jvm.dll+0x309da6]
V  [jvm.dll+0x35952e]
V  [jvm.dll+0x35975f]
V  [jvm.dll+0x2d9a38]
V  [jvm.dll+0x2da9a4]
V  [jvm.dll+0x7a8fb1]
V  [jvm.dll+0x3670e1]
V  [jvm.dll+0x788359]
V  [jvm.dll+0x3ea5ef]
V  [jvm.dll+0x3ec071]
C  [jli.dll+0x5297]
C  [ucrtbase.dll+0x21bb2]
C  [KERNEL32.DLL+0x17374]
C  [ntdll.dll+0x4cc91]


---------------  P R O C E S S  ---------------

Threads class SMR info:
_java_thread_list=0x00007ffcdf854998, length=0, elements={
}

Java Threads: ( => current thread )

Other Threads:
  0x000001a6ffea79d0 GCTaskThread "GC Thread#0" [stack: 0x00000065b8f00000,0x00000065b9000000] [id=16040]
  0x000001a6fe50dd60 ConcurrentGCThread "G1 Main Marker" [stack: 0x00000065b9000000,0x00000065b9100000] [id=14372]
  0x000001a6ffeb5190 ConcurrentGCThread "G1 Conc#0" [stack: 0x00000065b9100000,0x00000065b9200000] [id=21260]

[error occurred during error reporting (printing all threads), id 0xc0000005, EXCEPTION_ACCESS_VIOLATION (0xc0000005) at pc=0x00007ffcdf08a697]

VM state: not at safepoint (not fully initialized)

VM Mutex/Monitor currently owned by a thread:  ([mutex/lock_event])
[0x000001a6ffe4b0f0] Heap_lock - owner thread: 0x000001a6ffe4e4a0

Heap address: 0x0000000085000000, size: 1968 MB, Compressed Oops mode: 32-bit

CDS archive(s) mapped at: [0x0000000000000000-0x0000000000000000-0x0000000000000000), size 0, SharedBaseAddress: 0x0000000800000000, ArchiveRelocationMode: 0.
Narrow klass base: 0x0000000000000000, Narrow klass shift: 0, Narrow klass range: 0x0

GC Precious Log:
<Empty>

Heap:
 garbage-first heap   total 0K, used 0K [0x0000000085000000, 0x0000000100000000)
  region size 1024K, 0 young (0K), 0 survivors (0K)

[error occurred during error reporting (printing heap information), id 0xc0000005, EXCEPTION_ACCESS_VIOLATION (0xc0000005) at pc=0x00007ffcdf4700b9]

GC Heap History (0 events):
No events

Deoptimization events (0 events):
No events

Classes unloaded (0 events):
No events

Classes redefined (0 events):
No events

Internal exceptions (0 events):
No events

VM Operations (0 events):
No events

Events (1 events):
Event: 0.012 Loaded shared library C:\Program Files\Java\jdk-17\bin\java.dll


Dynamic libraries:
0x00007ff692c40000 - 0x00007ff692c50000 	C:\Program Files\Java\jdk-17\bin\java.exe
0x00007ffd7b590000 - 0x00007ffd7b788000 	C:\Windows\SYSTEM32\ntdll.dll
0x00007ffd7b480000 - 0x00007ffd7b541000 	C:\Windows\System32\KERNEL32.DLL
0x00007ffd790c0000 - 0x00007ffd793bd000 	C:\Windows\System32\KERNELBASE.dll
0x00007ffd78c40000 - 0x00007ffd78d40000 	C:\Windows\System32\ucrtbase.dll
0x00007ffd56f40000 - 0x00007ffd56f59000 	C:\Program Files\Java\jdk-17\bin\jli.dll
0x00007ffd56f20000 - 0x00007ffd56f3b000 	C:\Program Files\Java\jdk-17\bin\VCRUNTIME140.dll
0x00007ffd7a1f0000 - 0x00007ffd7a2a0000 	C:\Windows\System32\ADVAPI32.dll
0x00007ffd7b3e0000 - 0x00007ffd7b47e000 	C:\Windows\System32\msvcrt.dll
0x00007ffd7b250000 - 0x00007ffd7b2f0000 	C:\Windows\System32\sechost.dll
0x00007ffd79ec0000 - 0x00007ffd79fe3000 	C:\Windows\System32\RPCRT4.dll
0x00007ffd78e70000 - 0x00007ffd78e97000 	C:\Windows\System32\bcrypt.dll
0x00007ffd7abd0000 - 0x00007ffd7ad6d000 	C:\Windows\System32\USER32.dll
0x00007ffd78e40000 - 0x00007ffd78e62000 	C:\Windows\System32\win32u.dll
0x00007ffd7a1c0000 - 0x00007ffd7a1eb000 	C:\Windows\System32\GDI32.dll
0x00007ffd78fa0000 - 0x00007ffd790b7000 	C:\Windows\System32\gdi32full.dll
0x00007ffd793c0000 - 0x00007ffd7945d000 	C:\Windows\System32\msvcp_win.dll
0x00007ffd616f0000 - 0x00007ffd6198a000 	C:\Windows\WinSxS\amd64_microsoft.windows.common-controls_6595b64144ccf1df_6.0.19041.4355_none_60b8b9eb71f62e16\COMCTL32.dll
0x00007ffd6dfd0000 - 0x00007ffd6dfda000 	C:\Windows\SYSTEM32\VERSION.dll
0x00007ffd79e00000 - 0x00007ffd79e2f000 	C:\Windows\System32\IMM32.DLL
0x00007ffd60d30000 - 0x00007ffd60d3c000 	C:\Program Files\Java\jdk-17\bin\vcruntime140_1.dll
0x00007ffd22360000 - 0x00007ffd223ee000 	C:\Program Files\Java\jdk-17\bin\msvcp140.dll
0x00007ffcdeda0000 - 0x00007ffcdf97d000 	C:\Program Files\Java\jdk-17\bin\server\jvm.dll
0x00007ffd7a0a0000 - 0x00007ffd7a0a8000 	C:\Windows\System32\PSAPI.DLL
0x00007ffd11500000 - 0x00007ffd11509000 	C:\Windows\SYSTEM32\WSOCK32.dll
0x00007ffd7b310000 - 0x00007ffd7b37b000 	C:\Windows\System32\WS2_32.dll
0x00007ffd620a0000 - 0x00007ffd620c7000 	C:\Windows\SYSTEM32\WINMM.dll
0x00007ffd77420000 - 0x00007ffd77432000 	C:\Windows\SYSTEM32\kernel.appcore.dll
0x00007ffd60260000 - 0x00007ffd6026a000 	C:\Program Files\Java\jdk-17\bin\jimage.dll
0x00007ffd770b0000 - 0x00007ffd77294000 	C:\Windows\SYSTEM32\DBGHELP.DLL
0x00007ffd5bf40000 - 0x00007ffd5bf74000 	C:\Windows\SYSTEM32\dbgcore.DLL
0x00007ffd78f10000 - 0x00007ffd78f92000 	C:\Windows\System32\bcryptPrimitives.dll
0x00007ffd5ead0000 - 0x00007ffd5eade000 	C:\Program Files\Java\jdk-17\bin\instrument.dll
0x00007ffd515e0000 - 0x00007ffd51605000 	C:\Program Files\Java\jdk-17\bin\java.dll

dbghelp: loaded successfully - version: 4.0.5 - missing functions: none
symbol engine: initialized successfully - sym options: 0x614 - pdb path: .;C:\Program Files\Java\jdk-17\bin;C:\Windows\SYSTEM32;C:\Windows\WinSxS\amd64_microsoft.windows.common-controls_6595b64144ccf1df_6.0.19041.4355_none_60b8b9eb71f62e16;C:\Program Files\Java\jdk-17\bin\server

VM Arguments:
jvm_args: -XX:TieredStopAtLevel=1 -Dspring.output.ansi.enabled=always -Dcom.sun.management.jmxremote -Dspring.jmx.enabled=true -Dspring.liveBeansView.mbeanDomain -Dspring.application.admin.enabled=true -Dmanagement.endpoints.jmx.exposure.include=* -javaagent:C:\Program Files\JetBrains\IntelliJ IDEA 2024.1.4\lib\idea_rt.jar=59743:C:\Program Files\JetBrains\IntelliJ IDEA 2024.1.4\bin -Dfile.encoding=UTF-8 
java_command: com.team8.timeCapsule.TimeCapsuleApplication
java_class_path (initial): C:\Users\lovel\Desktop\공모전\team8-spring\build\classes\java\main;C:\Users\lovel\Desktop\공모전\team8-spring\build\resources\main;C:\Users\lovel\.gradle\caches\modules-2\files-2.1\org.projectlombok\lombok\1.18.34\ec547ef414ab1d2c040118fb9c1c265ada63af14\lombok-1.18.34.jar;C:\Users\lovel\.gradle\caches\modules-2\files-2.1\org.springframework.boot\spring-boot-starter-data-jpa\3.3.4\60df2a5bea8752fb215f3c8e1dffeb3554773a49\spring-boot-starter-data-jpa-3.3.4.jar;C:\Users\lovel\.gradle\caches\modules-2\files-2.1\org.springframework.boot\spring-boot-starter-oauth2-client\3.3.4\32fce0906617e9afc48a50a20a161674b080027f\spring-boot-starter-oauth2-client-3.3.4.jar;C:\Users\lovel\.gradle\caches\modules-2\files-2.1\org.springframework.boot\spring-boot-starter-security\3.3.4\58e8b8decf2116c2e3422368d8f1ebd5bdff117\spring-boot-starter-security-3.3.4.jar;C:\Users\lovel\.gradle\caches\modules-2\files-2.1\org.springframework.boot\spring-boot-starter-web\3.3.4\b43a9fd107611337777b47dc7518e2aca59e58eb\spring-boot-starter-web-3.3.4.jar;C:\Users\lovel\.gradle\caches\modules-2\files-2.1\org.springframework.session\spring-session-core\3.3.2\e2fad0635b2b7d47761bf32195c278026b98f726\spring-session-core-3.3.2.jar;C:\Users\lovel\.gradle\caches\modules-2\files-2.1\org.springframework.cloud\spring-cloud-starter-aws\2.2.6.RELEASE\9d7c330b3f4aa477df2db27dd875a0e63a49456\spring-cloud-starter-aws-2.2.6.RELEASE.jar;C:\Users\lovel\.gradle\caches\modules-2\files-2.1\org.springframework.boot\spring-boot-starter-validation\3.3.4\cd5e06f484dc2825a8d9704a2093a72587af2b58\spring-boot-starter-validation-3.3.4.jar;C:\Users\lovel\.gradle\caches\modules-2\files-2.1\io.jsonwebtoken\jjwt-api\0.11.5\f742940045619d06383e7df37b21ac422b476cf1\jjwt-api-0.11.5.jar;C:\Users\lovel\.gradle\caches\modules-2\files-2.1\org.springdoc\springdoc-openapi-starter-webmvc-ui\2.1.0\f31615e90b61d18a46a701d5c10e9e505a49a984\springdoc-openapi-starter-webmvc-ui-2.1.0.jar;C:\Users\lovel\.gradle\caches\modul
Launcher Type: SUN_STANDARD

[Global flags]
     intx CICompilerCount                          = 4                                         {product} {ergonomic}
     uint ConcGCThreads                            = 2                                         {product} {ergonomic}
     uint G1ConcRefinementThreads                  = 8                                         {product} {ergonomic}
   size_t G1HeapRegionSize                         = 1048576                                   {product} {ergonomic}
    uintx GCDrainStackTargetSize                   = 64                                        {product} {ergonomic}
   size_t InitialHeapSize                          = 130023424                                 {product} {ergonomic}
     bool ManagementServer                         = true                                      {product} {command line}
   size_t MarkStackSize                            = 4194304                                   {product} {ergonomic}
   size_t MaxHeapSize                              = 2063597568                                {product} {ergonomic}
   size_t MinHeapDeltaBytes                        = 1048576                                   {product} {ergonomic}
   size_t MinHeapSize                              = 8388608                                   {product} {ergonomic}
    uintx NonProfiledCodeHeapSize                  = 0                                      {pd product} {ergonomic}
     bool ProfileInterpreter                       = false                                  {pd product} {command line}
    uintx ProfiledCodeHeapSize                     = 0                                      {pd product} {ergonomic}
   size_t SoftMaxHeapSize                          = 2063597568                             {manageable} {ergonomic}
     intx TieredStopAtLevel                        = 1                                         {product} {command line}
     bool UseCompressedClassPointers               = true                           {product lp64_product} {ergonomic}
     bool UseCompressedOops                        = true                           {product lp64_product} {ergonomic}
     bool UseG1GC                                  = true                                      {product} {ergonomic}
     bool UseLargePagesIndividualAllocation        = false                                  {pd product} {ergonomic}

Logging:
Log output configuration:
 #0: stdout all=warning uptime,level,tags
 #1: stderr all=off uptime,level,tags

Environment Variables:
JAVA_HOME=C:\Program Files\Java\jdk-17
CLASSPATH=C:\Program Files\Java\jdk-17\lib
PATH=C:\Program Files\Common Files\Oracle\Java\javapath;C:\Users\lovel\AppData\Local\Programs\Python\Python311\Scripts\;C:\Users\lovel\AppData\Local\Programs\Python\Python311\;C:\app\client\lovel\product\19.0.0\client_2\bin;C:\app\client\lovel\product\19.0.0\client_1\bin;C:\Windows\system32;C:\Windows;C:\Windows\System32\Wbem;C:\Windows\System32\WindowsPowerShell\v1.0\;C:\Windows\System32\OpenSSH\;C:\Program Files\Java\jdk-17\bin;C:\Program Files\ojdkbuild\java-1.8.0-openjdk-1.8.0.322-1\bin;C:\Program Files\ojdkbuild\java-1.8.0-openjdk-1.8.0.322-1\jre\bin;C:\Program Files\nodejs\;C:\ProgramData\chocolatey\bin;C:\Program Files\MySQL\MySQL Server 8.0\bin;C:\Users\lovel\Documents\apache-maven-3.9.2-bin\apache-maven-3.9.2\bin;C:\Program Files\Graphviz\bin;C:\Program Files\Git\cmd;C:\Program Files\PuTTY\;C:\Program Files\Docker\Docker\resources\bin;C:\Program Files\Kubernetes\Minikube;C:\Program Files\MySQL\MySQL Shell 8.0\bin\;C:\Users\lovel\AppData\Local\Programs\Python\Python311\Scripts\;C:\Users\lovel\AppData\Local\Programs\Python\Python311\;C:\Users\lovel\AppData\Local\Microsoft\WindowsApps;C:\Users\lovel\AppData\Local\Programs\Microsoft VS Code\bin;C:\Program Files\JetBrains\IntelliJ IDEA Community Edition 2022.3.3\bin;;C:\Users\lovel\AppData\Roaming\npm;C:\Users\lovel\anaconda3;C:\Users\lovel\anaconda3\Library;C:\Users\lovel\anaconda3\Scripts;C:\Program Files\JetBrains\IntelliJ IDEA 2024.1.4\bin;;C:\Users\lovel\Scripts;C:\Program Files\JetBrains\CLion 2023.3.4\bin;;C:\Users\lovel\Documents\ffmpeg-master-latest-win64-gpl\bin;;C:\Program Files (x86)\ESTsoft\ALSee\x64
USERNAME=lovel
OS=Windows_NT
PROCESSOR_IDENTIFIER=Intel64 Family 6 Model 140 Stepping 1, GenuineIntel



---------------  S Y S T E M  ---------------

OS:
 Windows 10 , 64 bit Build 19041 (10.0.19041.4842)
OS uptime: 0 days 8:20 hours
Hyper-V role detected

CPU: total 8 (initial active 8) (4 cores per cpu, 2 threads per core) family 6 model 140 stepping 1 microcode 0xb4, cx8, cmov, fxsr, ht, mmx, 3dnowpref, sse, sse2, sse3, ssse3, sse4.1, sse4.2, popcnt, lzcnt, tsc, tscinvbit, avx, avx2, aes, erms, clmul, bmi1, bmi2, adx, avx512f, avx512dq, avx512cd, avx512bw, avx512vl, sha, fma, vzeroupper, avx512_vpopcntdq, avx512_vpclmulqdq, avx512_vaes, avx512_vnni, clflush, clflushopt, clwb, avx512_vbmi2, avx512_vbmi, hv

Memory: 4k page, system-wide physical 7865M (531M free)
TotalPageFile size 18105M (AvailPageFile size 104M)
current process WorkingSet (physical memory assigned to process): 11M, peak: 11M
current process commit charge ("private bytes"): 55M, peak: 179M

vm_info: Java HotSpot(TM) 64-Bit Server VM (17.0.7+8-LTS-224) for windows-amd64 JRE (17.0.7+8-LTS-224), built on Feb 28 2023 23:03:02 by "mach5one" with MS VC++ 17.1 (VS2022)

END.
